|SourceProjectName:KERNEL.hpr
|DestinationProjectName:kernel.htm
whhost.js
whmsg.js
whmozemu.js
whproxy.js
whstub.js
whutils.js
whver.js
whform.js
whphost.js
whstart.js
whtopic.js
whframes.js
whlang.js
whskin_info.htm
whskin_blank.htm
whskin_pickup.htm
whskin_homepage.htm
whskin_tw.htm
whnjs.htm
whthost.js
whtdhtml.htm
whihost.js
whibody.htm
whiform.htm
whfhost.js
whfbody.htm
whfform.htm
whghost.js
whgbody.htm
whgdhtml.htm
whgdef.htm
whproj.js
whproj.xml
whproj.htm
whxdata\whtoc.xml
whxdata\whidx.xml
whxdata\whfts.xml
whxdata\whglo.xml
whdata\whtoc.js
whdata\whtoc.htm
whdata\whtdata.js
whdata\whidx.js
whdata\whidx.htm
whdata\whidata.js
whdata\whfts.js
whdata\whfts.htm
whdata\whglo.js
whdata\whglo.htm
whdata\whgdata.js
whdata\whftdata.js
whdata\whfwdata.js
whres.xml
webhelp.jar
webhelp.cab
whgdata\whnvp30.htm
whgdata\whnvp31.htm
whgdata\whnvp32.htm
whgdata\whnvp33.htm
whgdata\whnvt30.htm
whgdata\whnvt31.htm
whgdata\whnvt32.htm
whgdata\whnvt33.htm
whgdata\whnvf30.htm
whgdata\whnvf31.htm
whgdata\whnvf32.htm
whgdata\whnvf33.htm
whgdata\whnvl31.htm
whgdata\whnvl32.htm
whgdata\whnvl33.htm
whgdata\whexpbar.gif
cshdat_webhelp.htm
whcsh_home.htm
whcshdata.htm
cshdat_robohelp.htm
wht_tab0.gif
wht_tab1.gif
wht_tab2.gif
wht_tab3.gif
wht_tab4.gif
wht_tab5.gif
wht_tab6.gif
wht_tab7.gif
wht_tab8.gif
wht_glo_h.gif
wht_glo_n.gif
wht_fts_h.gif
wht_fts_n.gif
wht_idx_h.gif
wht_idx_n.gif
wht_toc_h.gif
wht_toc_n.gif
wht_ws.gif
wht_ws_g.gif
wht_logo1.gif
wht_logo2.gif
wht_abgw.jpg
wht_abgi.jpg
wht_abge.jpg
wht_abtw.jpg
wht_abte.jpg
wht_abti.jpg
wht_spac.gif
wht_next.gif
wht_next_g.gif
wht_prev.gif
wht_prev_g.gif
wht_sync.gif
wht_hide.gif
wht_go.gif
whstart.ico
whestart.ico
whrstart.ico
whidhtml.htm
whfdhtml.htm
whskin_banner.htm
whtbar.js
whskin_pdhtml.htm
whskin_papplet.htm
whskin_plist.htm
whskin_tbars.htm
whskin_mbars.htm
wht_toc4.gif
wht_toc1.gif
wht_toc2.gif
wht_toc3.gif
whskin_frmset010.htm
whst_topics.xml
whskin_frmset01.htm
kernel_hha.hhk
kernel.hhc
kernel.hhk
kernel\about_salome_pro_architecture.htm
kernel\about_salome_pro_help_system.htm
kernel\copyright_notice.htm
kernel\creating_a_new_study.htm
kernel\displaying_hiding_toolbars.htm
kernel\displaying_studies.htm
kernel\editing_studies.htm
kernel\getting_properties_of_the_study.htm
kernel\getting_started2.htm
kernel\introduction.htm
kernel\introduction_to_iapp.htm
kernel\introduction_to_salome_pro.htm
kernel\navigating_topics.htm
kernel\opening_studies.htm
kernel\readme.html
kernel\running_salome_pro.htm
kernel\salome_pro_desktop.htm
kernel\saving_a_study.htm
kernel\setting_preferences.htm
kernel\using_catalog_generator.htm
kernel\using_left-hand_tabs.htm
kernel\using_object_browser.htm
kernel\using_registry.htm
kernel\using_usecase_browser.htm
ehelp.xml
robohhre.lng
texture_horiz_ltbluebubbles.jpg
kernel.glo
default.css
image59.gif
pics\frontv.jpg
pics\fitall.jpg
pics\desktop3.jpg
pics\removeobj.jpg
pics\registy1.jpg
pics\sheme1.jpg
pics\open.jpg
pics\bottomv.jpg
pics\clear.jpg
pics\sheme2.jpg
occ.jpg
pics\globalpanning.jpg
pics\usecasebrsr.jpg
image2.jpg
pics\readmepage.png
tip1.gif
pics\rightv.jpg
pics\objbrowser2.jpg
pics\newobj.jpg
pics\save.jpg
pics\panning.jpg
pics\zoom.jpg
pics\trihedron.jpg
pics\newsticn.jpg
pics\fitrect.jpg
pics\usecasebr.jpg
image60.gif
pics\rotate.jpg
image61.gif
pics\copy-paste.jpg
image4.gif
pics\exemple.gif
pics\setcurrent.jpg
pics\tile.jpg
pics\topv.jpg
pics\close.jpg
pics\application-splash.jpg
i_blue.jpg
image7.gif
pics\productpage.png
pics\cascade.jpg
pics\undo-redo.jpg
note1.gif
pics\progresspage.png
image57.gif
pics\leftv.jpg
pics\backv.jpg
pics\addobj.jpg
image58.gif
pics\choicepage.png
pics\reset.jpg
pics\dump.jpg
kernel.ppf
ehlpdhtm.js
ss_btn_related_topics.gif
default_ns.css
whxdata\whtdata0.xml
whxdata\whftdata0.xml
whxdata\whfwdata0.xml
whxdata\whgdata0.xml
whdata\whtdata0.htm
whdata\whftdata0.htm
whdata\whfwdata0.htm
whdata\whgdata0.htm
whgdata\whlstt0.htm
whgdata\whlstt1.htm
whgdata\whlstt2.htm
whgdata\whlstt3.htm
whgdata\whlstt4.htm
whgdata\whlsti0.htm
whgdata\whlstfl0.htm
whgdata\whlstfl1.htm
whgdata\whlstfl2.htm
whgdata\whlstfl3.htm
whgdata\whlstfl4.htm
whgdata\whlstfl5.htm
whgdata\whlstfl6.htm
whgdata\whlstfl7.htm
whgdata\whlstfl8.htm
whgdata\whlstfl9.htm
whgdata\whlstfl10.htm
whgdata\whlstfl11.htm
whgdata\whlstfl12.htm
whgdata\whlstfl13.htm
whgdata\whlstfl14.htm
whgdata\whlstfl15.htm
whgdata\whlstfl16.htm
whgdata\whlstfl17.htm
whgdata\whlstfl18.htm
whgdata\whlstfl19.htm
whgdata\whlstfl20.htm
whgdata\whlstfl21.htm
whgdata\whlstfl22.htm
whgdata\whlstfl23.htm
whgdata\whlstfl24.htm
whgdata\whlstfl25.htm
whgdata\whlstf0.htm
whgdata\whlstf1.htm
whgdata\whlstf2.htm
whgdata\whlstf3.htm
whgdata\whlstf4.htm
whgdata\whlstf5.htm
whgdata\whlstf6.htm
whgdata\whlstf7.htm
whgdata\whlstf8.htm
whgdata\whlstg0.htm
kernel.htm
kernel_csh.htm
kernel_rhc.htm
