|SourceProjectName:KERNEL.hpr
|DestinationProjectName:kernel.html
whhost.js
whmsg.js
whmozemu.js
whproxy.js
whstub.js
whutils.js
whver.js
whform.js
whphost.js
whstart.js
whtopic.js
whframes.js
whlang.js
whskin_info.htm
whskin_blank.htm
whnjs.htm
whthost.js
whtdhtml.htm
whihost.js
whibody.htm
whiform.htm
whfhost.js
whfbody.htm
whfform.htm
whghost.js
whgbody.htm
whgdhtml.htm
whgdef.htm
whproj.js
whproj.xml
whproj.htm
whdata\whtoc.js
whdata\whtoc.xml
whdata\whtoc.htm
whdata\whtdata.js
whdata\whidx.js
whdata\whidx.xml
whdata\whidx.htm
whdata\whidata.js
whdata\whfts.js
whdata\whfts.xml
whdata\whfts.htm
whdata\whglo.js
whdata\whglo.xml
whdata\whglo.htm
whdata\whgdata.js
whdata\whftdata.js
whdata\whfwdata.js
whres.xml
webhelp.jar
webhelp.cab
whgdata\whnvp30.htm
whgdata\whnvp31.htm
whgdata\whnvp32.htm
whgdata\whnvp33.htm
whgdata\whnvt30.htm
whgdata\whnvt31.htm
whgdata\whnvt32.htm
whgdata\whnvt33.htm
whgdata\whnvf30.htm
whgdata\whnvf31.htm
whgdata\whnvf32.htm
whgdata\whnvf33.htm
whgdata\whnvl31.htm
whgdata\whnvl32.htm
whgdata\whnvl33.htm
whgdata\whexpbar.gif
cshdat_webhelp.htm
cshdat_robohelp.htm
wht_tab0.gif
wht_tab1.gif
wht_tab2.gif
wht_tab3.gif
wht_tab4.gif
wht_tab5.gif
wht_tab6.gif
wht_tab7.gif
wht_tab8.gif
wht_glo_h.gif
wht_glo_n.gif
wht_fts_h.gif
wht_fts_n.gif
wht_idx_h.gif
wht_idx_n.gif
wht_toc_h.gif
wht_toc_n.gif
wht_ws.gif
wht_ws_g.gif
wht_logo1.gif
wht_logo2.gif
wht_abgw.jpg
wht_abgi.jpg
wht_abge.jpg
wht_abtw.jpg
wht_abte.jpg
wht_abti.jpg
wht_spac.gif
wht_next.gif
wht_next_g.gif
wht_prev.gif
wht_prev_g.gif
wht_sync.gif
wht_hide.gif
wht_go.gif
whstart.ico
whestart.ico
whrstart.ico
whidhtml.htm
whfdhtml.htm
whskin_banner.htm
whtbar.js
default.skn
whskin_pdhtml.htm
whskin_papplet.htm
whskin_plist.htm
whskin_tbars.htm
whskin_mbars.htm
wht_toc4.gif
wht_toc1.gif
wht_toc2.gif
wht_toc3.gif
whskin_frmset010.htm
whst_topics.xml
whskin_frmset01.htm
kernel_hha.hhk
kernel.hhc
kernel.hhk
files\about_salome_pro_architecture.htm
files\about_salome_pro_help_system.htm
files\copyright_notice.htm
files\creating_a_new_study.htm
files\displaying_hiding_toolbars.htm
files\displaying_studies.htm
files\editing_studies.htm
files\getting_properties_of_the_study.htm
files\getting_started2.htm
files\installing_salome_pro.htm
files\introduction.htm
files\introduction_to_iapp.htm
files\introduction_to_salome_pro.htm
files\navigating_topics.htm
files\opening_studies.htm
files\readme.html
files\running_salome_pro.htm
files\salome_pro_desktop.htm
files\saving_a_study.htm
files\setting_preferences.htm
files\using_catalog_generator.htm
files\using_left-hand_tabs.htm
files\using_object_browser.htm
files\using_registry.htm
files\using_usecase_browser.htm
texture_horiz_ltbluebubbles.jpg
kernel.glo
default.css
pics\warninglocked.jpg
pics\load.jpg
image4.gif
readmepage.png
pics\removeobj.jpg
pics\tile.jpg
pics\topv.jpg
pics\globalpanning.jpg
pics\fitall.jpg
pics\cascade.jpg
pics\frontv.jpg
pics\sheme1.jpg
pics\copy-paste.jpg
image7.gif
pics\sheme2.jpg
i_blue.jpg
pics\registy1.jpg
pics\setcurrent.jpg
pics\desktop3.jpg
pics\usecasebrsr.jpg
pics\newobj.jpg
pics\close.jpg
pics\rightv.jpg
pics\trihedron.jpg
pics\dump.jpg
pics\cataloggenerator.jpg
pics\usecasebr.jpg
pics\objbrowser2.jpg
pics\open.jpg
pics\bottomv.jpg
pics\rotate.jpg
pics\application-splash.jpg
dirpage.png
pics\properties.jpg
pics\newsticn.jpg
pics\leftv.jpg
pics\backv.jpg
note1.gif
pics\reset.jpg
pics\panning.jpg
pics\zoom.jpg
pics\fitrect.jpg
image2.jpg
choicepage.png
pics\save.jpg
progresspage.png
cantinstall.png
pics\clear.jpg
pics\undo-redo.jpg
occ.jpg
productpage.png
tip1.gif
pics\registry.jpg
pics\addobj.jpg
kernel.ppf
ehlpdhtm.js
ss_btn_related_topics.gif
default_ns.css
whdata\whtdata0.xml
whdata\whtdata0.htm
whdata\whftdata0.xml
whdata\whftdata0.htm
whdata\whfwdata0.xml
whdata\whfwdata0.htm
whdata\whgdata0.xml
whdata\whgdata0.htm
whgdata\whlstt0.htm
whgdata\whlstt1.htm
whgdata\whlstt2.htm
whgdata\whlstt3.htm
whgdata\whlstt4.htm
whgdata\whlsti0.htm
whgdata\whlstfl0.htm
whgdata\whlstfl1.htm
whgdata\whlstfl2.htm
whgdata\whlstfl3.htm
whgdata\whlstfl4.htm
whgdata\whlstfl5.htm
whgdata\whlstfl6.htm
whgdata\whlstfl7.htm
whgdata\whlstfl8.htm
whgdata\whlstfl9.htm
whgdata\whlstfl10.htm
whgdata\whlstfl11.htm
whgdata\whlstfl12.htm
whgdata\whlstfl13.htm
whgdata\whlstfl14.htm
whgdata\whlstfl15.htm
whgdata\whlstfl16.htm
whgdata\whlstfl17.htm
whgdata\whlstfl18.htm
whgdata\whlstfl19.htm
whgdata\whlstfl20.htm
whgdata\whlstfl21.htm
whgdata\whlstfl22.htm
whgdata\whlstfl23.htm
whgdata\whlstfl24.htm
whgdata\whlstf0.htm
whgdata\whlstf1.htm
whgdata\whlstf2.htm
whgdata\whlstf3.htm
whgdata\whlstf4.htm
whgdata\whlstf5.htm
whgdata\whlstf6.htm
whgdata\whlstf7.htm
whgdata\whlstf8.htm
whgdata\whlstf9.htm
whgdata\whlstg0.htm
kernel.html
kernel_csh.html
kernel_rhc.html
